<?xml version="1.0" encoding="UTF-8"?>
<!-- Generated by org.testng.reporters.JUnitReportReporter -->
<testsuite hostname="Azu" failures="0" tests="1" name="maventhree.Redfin_Login" time="6.222" errors="0" timestamp="04 Dec 2022 23:34:00 GMT" skipped="0">
  <testcase classname="maventhree.Redfin_Login" name="launchUrl" time="6.222"/>
</testsuite> <!-- maventhree.Redfin_Login -->
